<?xml version="1.0" encoding="UTF-8"?>
<!-- Generated by org.testng.reporters.JUnitReportReporter -->
<testsuite skipped="0" hostname="Phans-MacBook-Air.local" name="SeleniumAuto.Demo" tests="4" failures="0" timestamp="2022-07-12T12:03:47 ICT" time="4.832" errors="0">
  <testcase name="compareAllTextInPage" time="3.409" classname="SeleniumAuto.Demo"/>
  <system-out/>
  <testcase name="radioCheck" time="0.249" classname="SeleniumAuto.Demo"/>
  <system-out/>
  <testcase name="dropDown" time="0.674" classname="SeleniumAuto.Demo"/>
  <system-out/>
  <testcase name="selectOption" time="0.500" classname="SeleniumAuto.Demo"/>
  <system-out/>
</testsuite> <!-- SeleniumAuto.Demo -->
