<?xml version="1.0" encoding="UTF-8"?>
<!-- Generated by org.testng.reporters.JUnitReportReporter -->
<testsuite skipped="0" hostname="Phans-MacBook-Air.local" name="SeleniumAuto.Demo" tests="1" failures="0" timestamp="2022-07-10T12:32:45 ICT" time="3.427" errors="0">
  <testcase name="compareAllTextInPage" time="3.427" classname="SeleniumAuto.Demo"/>
  <system-out/>
</testsuite> <!-- SeleniumAuto.Demo -->
